<?xml version="1.0" encoding="UTF-8"?>
<testsuite name="Command line test" failures="0" tests="12" time="0.414" errors="0">
  <properties/>
  <testcase name="justPrint" time="0.391" classname="org.nnsoft.commons.meiyo.classpath.ClassPathTestCase"/>
  <testcase name="matchesAbstract" time="0.0" classname="org.nnsoft.commons.meiyo.classpath.filter.FiltersTestCase"/>
  <testcase name="matchesAnnotatedWithType" time="0.0" classname="org.nnsoft.commons.meiyo.classpath.filter.FiltersTestCase"/>
  <testcase name="matchesContainsMethodWithArguments" time="0.0" classname="org.nnsoft.commons.meiyo.classpath.filter.FiltersTestCase"/>
  <testcase name="matchesContainsMethodWithNoArguments" time="0.0" classname="org.nnsoft.commons.meiyo.classpath.filter.FiltersTestCase"/>
  <testcase name="matchesInPackage" time="0.0" classname="org.nnsoft.commons.meiyo.classpath.filter.FiltersTestCase"/>
  <testcase name="matchesInSubPackage" time="0.0" classname="org.nnsoft.commons.meiyo.classpath.filter.FiltersTestCase"/>
  <testcase name="matchesInterface" time="0.0" classname="org.nnsoft.commons.meiyo.classpath.filter.FiltersTestCase"/>
  <testcase name="noRuntimeRetention" time="0.0010" classname="org.nnsoft.commons.meiyo.classpath.filter.FiltersTestCase"/>
  <testcase name="verifyClassAnnotationsFound" time="0.0" classname="org.nnsoft.commons.meiyo.classvisitor.ClassVisitorTestCase"/>
  <testcase name="verifyConstructorAnnotationsFound" time="0.0010" classname="org.nnsoft.commons.meiyo.classvisitor.ClassVisitorTestCase"/>
  <testcase name="verifyMethodAnnotationsFound" time="0.0" classname="org.nnsoft.commons.meiyo.classvisitor.ClassVisitorTestCase"/>
</testsuite>
