<testng-results>
  <reporter-output>
  </reporter-output>
  <suite name="Command line suite">
    <groups>
    </groups>
    <test name="Command line test">
      <class name="org.nnsoft.commons.meiyo.classpath.filter.FiltersTestCase">
        <test-method status="PASS" signature="matchesAnnotatedWithType()" name="matchesAnnotatedWithType" duration-ms="0" started-at="2010-12-04T20:20:42Z" finished-at="2010-12-04T20:20:42Z">
        </test-method>
        <test-method status="PASS" signature="matchesAbstract()" name="matchesAbstract" duration-ms="0" started-at="2010-12-04T20:20:42Z" finished-at="2010-12-04T20:20:42Z">
        </test-method>
        <test-method status="PASS" signature="matchesContainsMethodWithNoArguments()" name="matchesContainsMethodWithNoArguments" duration-ms="0" started-at="2010-12-04T20:20:42Z" finished-at="2010-12-04T20:20:42Z">
        </test-method>
        <test-method status="PASS" signature="matchesContainsMethodWithArguments()" name="matchesContainsMethodWithArguments" duration-ms="0" started-at="2010-12-04T20:20:42Z" finished-at="2010-12-04T20:20:42Z">
        </test-method>
        <test-method status="PASS" signature="matchesInSubPackage()" name="matchesInSubPackage" duration-ms="0" started-at="2010-12-04T20:20:42Z" finished-at="2010-12-04T20:20:42Z">
        </test-method>
        <test-method status="PASS" signature="matchesInPackage()" name="matchesInPackage" duration-ms="0" started-at="2010-12-04T20:20:42Z" finished-at="2010-12-04T20:20:42Z">
        </test-method>
        <test-method status="PASS" signature="noRuntimeRetention()" name="noRuntimeRetention" duration-ms="1" started-at="2010-12-04T20:20:42Z" finished-at="2010-12-04T20:20:42Z">
          <exception class="java.lang.IllegalArgumentException">
            <message>
              <![CDATA[Annotation @org.nnsoft.commons.meiyo.classpath.filter.NoRuntimeRetention is missing RUNTIME retention]]>
            </message>
            <full-stacktrace>
              <![CDATA[java.lang.IllegalArgumentException: Annotation @org.nnsoft.commons.meiyo.classpath.filter.NoRuntimeRetention is missing RUNTIME retention
	at org.nnsoft.commons.meiyo.classpath.filter.Filters.checkForRuntimeRetention(Filters.java:70)
	at org.nnsoft.commons.meiyo.classpath.filter.Filters.annotatedWithType(Filters.java:62)
	at org.nnsoft.commons.meiyo.classpath.filter.FiltersTestCase.noRuntimeRetention(FiltersTestCase.java:48)
	at sun.reflect.NativeMethodAccessorImpl.invoke0(Native Method)
	at sun.reflect.NativeMethodAccessorImpl.invoke(NativeMethodAccessorImpl.java:39)
	at sun.reflect.DelegatingMethodAccessorImpl.invoke(DelegatingMethodAccessorImpl.java:25)
	at java.lang.reflect.Method.invoke(Method.java:597)
	at org.testng.internal.MethodHelper.invokeMethod(MethodHelper.java:644)
	at org.testng.internal.Invoker.invokeMethod(Invoker.java:546)
	at org.testng.internal.Invoker.invokeTestMethod(Invoker.java:700)
	at org.testng.internal.Invoker.invokeTestMethods(Invoker.java:1002)
	at org.testng.internal.TestMethodWorker.invokeTestMethods(TestMethodWorker.java:137)
	at org.testng.internal.TestMethodWorker.run(TestMethodWorker.java:121)
	at org.testng.TestRunner.runWorkers(TestRunner.java:909)
	at org.testng.TestRunner.privateRun(TestRunner.java:618)
	at org.testng.TestRunner.run(TestRunner.java:499)
	at org.testng.SuiteRunner.runTest(SuiteRunner.java:332)
	at org.testng.SuiteRunner.runSequentially(SuiteRunner.java:327)
	at org.testng.SuiteRunner.privateRun(SuiteRunner.java:299)
	at org.testng.SuiteRunner.run(SuiteRunner.java:204)
	at org.testng.TestNG.createAndRunSuiteRunners(TestNG.java:915)
	at org.testng.TestNG.runSuitesLocally(TestNG.java:879)
	at org.testng.TestNG.run(TestNG.java:787)
	at org.apache.maven.surefire.testng.TestNGExecutor.run(TestNGExecutor.java:61)
	at org.apache.maven.surefire.testng.TestNGDirectoryTestSuite.execute(TestNGDirectoryTestSuite.java:144)
	at org.apache.maven.surefire.Surefire.run(Surefire.java:169)
	at sun.reflect.NativeMethodAccessorImpl.invoke0(Native Method)
	at sun.reflect.NativeMethodAccessorImpl.invoke(NativeMethodAccessorImpl.java:39)
	at sun.reflect.DelegatingMethodAccessorImpl.invoke(DelegatingMethodAccessorImpl.java:25)
	at java.lang.reflect.Method.invoke(Method.java:597)
	at org.apache.maven.surefire.booter.SurefireBooter.runSuitesInProcess(SurefireBooter.java:350)
	at org.apache.maven.surefire.booter.SurefireBooter.main(SurefireBooter.java:1021)
]]>
            </full-stacktrace>
          </exception>
        </test-method>
        <test-method status="PASS" signature="matchesInterface()" name="matchesInterface" duration-ms="0" started-at="2010-12-04T20:20:42Z" finished-at="2010-12-04T20:20:42Z">
        </test-method>
      </class>
      <class name="org.nnsoft.commons.meiyo.classpath.ClassPathTestCase">
        <test-method status="PASS" signature="justPrint()" name="justPrint" duration-ms="391" started-at="2010-12-04T20:20:41Z" finished-at="2010-12-04T20:20:42Z">
        </test-method>
      </class>
      <class name="org.nnsoft.commons.meiyo.classvisitor.ClassVisitorTestCase">
        <test-method status="PASS" signature="setUp()" name="setUp" is-config="true" duration-ms="7" started-at="2010-12-04T20:20:42Z" finished-at="2010-12-04T20:20:42Z">
        </test-method>
        <test-method status="PASS" signature="verifyConstructorAnnotationsFound()" name="verifyConstructorAnnotationsFound" duration-ms="1" started-at="2010-12-04T20:20:42Z" finished-at="2010-12-04T20:20:42Z">
        </test-method>
        <test-method status="PASS" signature="verifyClassAnnotationsFound()" name="verifyClassAnnotationsFound" duration-ms="0" started-at="2010-12-04T20:20:42Z" finished-at="2010-12-04T20:20:42Z">
        </test-method>
        <test-method status="PASS" signature="verifyMethodAnnotationsFound()" name="verifyMethodAnnotationsFound" duration-ms="0" started-at="2010-12-04T20:20:42Z" finished-at="2010-12-04T20:20:42Z">
        </test-method>
      </class>
    </test>
  </suite>
</testng-results>
