<testng-results>
  <reporter-output>
  </reporter-output>
  <suite name="Default suite" duration-ms="51" started-at="2010-12-04T13:32:56Z" finished-at="2010-12-04T13:32:56Z">
    <groups>
    </groups>
    <test name="org.nnsoft.commons.meiyo.classvisitor.ClassVisitorTestCase" duration-ms="51" started-at="2010-12-04T13:32:56Z" finished-at="2010-12-04T13:32:56Z">
      <class name="org.nnsoft.commons.meiyo.classvisitor.ClassVisitorTestCase">
        <test-method status="PASS" signature="setUp()" name="setUp" is-config="true" duration-ms="21" started-at="2010-12-04T13:32:56Z" finished-at="2010-12-04T13:32:56Z">
        </test-method>
        <test-method status="PASS" signature="verifyClassAnnotationsFound()" name="verifyClassAnnotationsFound" duration-ms="3" started-at="2010-12-04T13:32:56Z" finished-at="2010-12-04T13:32:56Z">
        </test-method>
        <test-method status="PASS" signature="verifyConstructorAnnotationsFound()" name="verifyConstructorAnnotationsFound" duration-ms="2" started-at="2010-12-04T13:32:56Z" finished-at="2010-12-04T13:32:56Z">
        </test-method>
        <test-method status="PASS" signature="verifyMethodAnnotationsFound()" name="verifyMethodAnnotationsFound" duration-ms="2" started-at="2010-12-04T13:32:56Z" finished-at="2010-12-04T13:32:56Z">
        </test-method>
      </class>
    </test>
  </suite>
</testng-results>
